
目前测试为: 000

com.nightonke.leetcoder.tests.TestCase:
Failure in testCase000:
junit.framework.AssertionFailedError: Button is not found!
	at com.robotium.solo.Waiter.waitForAndGetView(Waiter.java:666)
	at com.robotium.solo.Clicker.clickOn(Clicker.java:495)
	at com.robotium.solo.Solo.clickOnButton(Solo.java:1638)
	at com.nightonke.leetcoder.tests.TestCase.testCase000(TestCase.java:97)
	at android.test.InstrumentationTestCase.runMethod(InstrumentationTestCase.java:220)
	at android.test.InstrumentationTestCase.runTest(InstrumentationTestCase.java:205)
	at android.test.ActivityInstrumentationTestCase2.runTest(ActivityInstrumentationTestCase2.java:192)
	at android.test.AndroidTestRunner.runTest(AndroidTestRunner.java:198)
	at android.test.AndroidTestRunner.runTest(AndroidTestRunner.java:183)
	at android.test.InstrumentationTestRunner.onStart(InstrumentationTestRunner.java:560)
	at android.app.Instrumentation$InstrumentationThread.run(Instrumentation.java:2119)

Test results for InstrumentationTestRunner=.F
Time: 5.603

FAILURES!!!
Tests run: 1,  Failures: 1,  Errors: 0



目前测试为: 001

com.nightonke.leetcoder.tests.TestCase:
Failure in testCase001:
junit.framework.AssertionFailedError: Button is not found!
	at com.robotium.solo.Waiter.waitForAndGetView(Waiter.java:666)
	at com.robotium.solo.Clicker.clickOn(Clicker.java:495)
	at com.robotium.solo.Solo.clickOnButton(Solo.java:1638)
	at com.nightonke.leetcoder.tests.TestCase.testCase001(TestCase.java:107)
	at android.test.InstrumentationTestCase.runMethod(InstrumentationTestCase.java:220)
	at android.test.InstrumentationTestCase.runTest(InstrumentationTestCase.java:205)
	at android.test.ActivityInstrumentationTestCase2.runTest(ActivityInstrumentationTestCase2.java:192)
	at android.test.AndroidTestRunner.runTest(AndroidTestRunner.java:198)
	at android.test.AndroidTestRunner.runTest(AndroidTestRunner.java:183)
	at android.test.InstrumentationTestRunner.onStart(InstrumentationTestRunner.java:560)
	at android.app.Instrumentation$InstrumentationThread.run(Instrumentation.java:2119)

Test results for InstrumentationTestRunner=.F
Time: 5.609

FAILURES!!!
Tests run: 1,  Failures: 1,  Errors: 0



目前测试为: 002

com.nightonke.leetcoder.tests.TestCase:
Failure in testCase002:
junit.framework.AssertionFailedError: Button is not found!
	at com.robotium.solo.Waiter.waitForAndGetView(Waiter.java:666)
	at com.robotium.solo.Clicker.clickOn(Clicker.java:495)
	at com.robotium.solo.Solo.clickOnButton(Solo.java:1638)
	at com.nightonke.leetcoder.tests.TestCase.testCase002(TestCase.java:117)
	at android.test.InstrumentationTestCase.runMethod(InstrumentationTestCase.java:220)
	at android.test.InstrumentationTestCase.runTest(InstrumentationTestCase.java:205)
	at android.test.ActivityInstrumentationTestCase2.runTest(ActivityInstrumentationTestCase2.java:192)
	at android.test.AndroidTestRunner.runTest(AndroidTestRunner.java:198)
	at android.test.AndroidTestRunner.runTest(AndroidTestRunner.java:183)
	at android.test.InstrumentationTestRunner.onStart(InstrumentationTestRunner.java:560)
	at android.app.Instrumentation$InstrumentationThread.run(Instrumentation.java:2119)

Test results for InstrumentationTestRunner=.F
Time: 5.573

FAILURES!!!
Tests run: 1,  Failures: 1,  Errors: 0


